131383 1 0 0 0 131072
67113199 0 1 0 0 4160
131383 1 0 0 0 131072
4278255891 1 0 0 0 4294967280
67113199 0 1 0 0 4160
1123875 0 0 0 1 12
4278255891 1 0 0 0 4294967280
6071 1 0 0 0 4096
1123875 0 0 0 1 12
491235203 0 0 1 0 468
6071 1 0 0 0 4096
536872759 1 0 0 0 536870912
491235203 0 0 1 0 468
4294379283 1 0 0 0 4294967295
536872759 1 0 0 0 536870912
15173427 1 0 0 0 0
4294379283 1 0 0 0 4294967295
1073743543 1 0 0 0 1073741824
15173427 1 0 0 0 0
4293297811 1 0 0 0 4294967294
1073743543 1 0 0 0 1073741824
115796579 0 1 0 0 116
4293297811 1 0 0 0 4294967294
5943 1 0 0 0 4096
115796579 0 1 0 0 116
499590915 0 0 1 0 476
5943 1 0 0 0 4096
5815 1 0 0 0 4096
499590915 0 0 1 0 476
495363715 0 0 1 0 472
5815 1 0 0 0 4096
536872247 1 0 0 0 536870912
495363715 0 0 1 0 472
4294247699 1 0 0 0 4294967295
536872247 1 0 0 0 536870912
1073743287 1 0 0 0 1073741824
4294247699 1 0 0 0 4294967295
4293232019 1 0 0 0 4294967294
1073743287 1 0 0 0 1073741824
1088914995 1 0 0 0 0
4293232019 1 0 0 0 4294967294
1088816947 1 0 0 0 0
1088914995 1 0 0 0 0
14026291 1 0 0 0 0
1088816947 1 0 0 0 0
1513235 1 0 0 0 1
14026291 1 0 0 0 0
1088816947 1 0 0 0 0
1513235 1 0 0 0 1
1088915379 1 0 0 0 0
1088816947 1 0 0 0 0
1088914995 1 0 0 0 0
1088915379 1 0 0 0 0
1447443 1 0 0 0 1
1088914995 1 0 0 0 0
14124723 1 0 0 0 0
1447443 1 0 0 0 1
1086752435 1 0 0 0 0
14124723 1 0 0 0 0
14124979 1 0 0 0 0
1086752435 1 0 0 0 0
1086818227 1 0 0 0 0
14124979 1 0 0 0 0
10978867 1 0 0 0 0
1086818227 1 0 0 0 0
4240832227 0 1 0 0 4294967244
10978867 1 0 0 0 0
5687 1 0 0 0 4096
4240832227 0 1 0 0 4294967244
484847139 0 0 0 1 476
5687 1 0 0 0 4096
5943 1 0 0 0 4096
484847139 0 0 0 1 476
483863587 0 0 0 1 472
5943 1 0 0 0 4096
5943 1 0 0 0 4096
483863587 0 0 0 1 472
485960227 0 0 0 1 468
5943 1 0 0 0 4096
6071 1 0 0 0 4096
485960227 0 0 0 1 468
499623171 0 0 1 0 476
6071 1 0 0 0 4096
4057985263 0 1 0 0 4294967068
499623171 0 0 1 0 476
5943 1 0 0 0 4096
4057985263 0 1 0 0 4294967068
1088914995 1 0 0 0 0
1088816947 1 0 0 0 0
1088914995 1 0 0 0 0
14026291 1 0 0 0 0
1088816947 1 0 0 0 0
1513235 1 0 0 0 1
14026291 1 0 0 0 0
1088816947 1 0 0 0 0
1513235 1 0 0 0 1
1088915379 1 0 0 0 0
1088816947 1 0 0 0 0
1088914995 1 0 0 0 0
1088915379 1 0 0 0 0
1447443 1 0 0 0 1
1088914995 1 0 0 0 0
14124723 1 0 0 0 0
1447443 1 0 0 0 1
1086752435 1 0 0 0 0
14124723 1 0 0 0 0
14124979 1 0 0 0 0
1086752435 1 0 0 0 0
1086818227 1 0 0 0 0
14124979 1 0 0 0 0
10978867 1 0 0 0 0
1086818227 1 0 0 0 0
4240832227 0 1 0 0 4294967244
10978867 1 0 0 0 0
5687 1 0 0 0 4096
4240832227 0 1 0 0 4294967244
484847139 0 0 0 1 476
5687 1 0 0 0 4096
5943 1 0 0 0 4096
484847139 0 0 0 1 476
1088914995 1 0 0 0 0
1088816947 1 0 0 0 0
1088914995 1 0 0 0 0
14026291 1 0 0 0 0
1088816947 1 0 0 0 0
1513235 1 0 0 0 1
14026291 1 0 0 0 0
1088816947 1 0 0 0 0
1513235 1 0 0 0 1
1088915379 1 0 0 0 0
1088816947 1 0 0 0 0
1088914995 1 0 0 0 0
1088915379 1 0 0 0 0
1447443 1 0 0 0 1
1088914995 1 0 0 0 0
14124723 1 0 0 0 0
1447443 1 0 0 0 1
1086752435 1 0 0 0 0
14124723 1 0 0 0 0
14124979 1 0 0 0 0
1086752435 1 0 0 0 0
1086818227 1 0 0 0 0
14124979 1 0 0 0 0
10978867 1 0 0 0 0
1086818227 1 0 0 0 0
4240832227 0 1 0 0 4294967244
10978867 1 0 0 0 0
1088914995 1 0 0 0 0
4240832227 0 1 0 0 4294967244
1088816947 1 0 0 0 0
1088914995 1 0 0 0 0
14026291 1 0 0 0 0
1088816947 1 0 0 0 0
1513235 1 0 0 0 1
14026291 1 0 0 0 0
1088816947 1 0 0 0 0
1513235 1 0 0 0 1
1088915379 1 0 0 0 0
1088816947 1 0 0 0 0
1088914995 1 0 0 0 0
1088915379 1 0 0 0 0
1447443 1 0 0 0 1
1088914995 1 0 0 0 0
14124723 1 0 0 0 0
1447443 1 0 0 0 1
1086752435 1 0 0 0 0
14124723 1 0 0 0 0
14124979 1 0 0 0 0
1086752435 1 0 0 0 0
1086818227 1 0 0 0 0
14124979 1 0 0 0 0
10978867 1 0 0 0 0
1086818227 1 0 0 0 0
4240832227 0 1 0 0 4294967244
10978867 1 0 0 0 0
1088914995 1 0 0 0 0
4240832227 0 1 0 0 4294967244
1088816947 1 0 0 0 0
1088914995 1 0 0 0 0
14026291 1 0 0 0 0
1088816947 1 0 0 0 0
1513235 1 0 0 0 1
14026291 1 0 0 0 0
1088816947 1 0 0 0 0
1513235 1 0 0 0 1
1088915379 1 0 0 0 0
1088816947 1 0 0 0 0
1088914995 1 0 0 0 0
1088915379 1 0 0 0 0
1447443 1 0 0 0 1
1088914995 1 0 0 0 0
14124723 1 0 0 0 0
1447443 1 0 0 0 1
1086752435 1 0 0 0 0
14124723 1 0 0 0 0
14124979 1 0 0 0 0
1086752435 1 0 0 0 0
1086818227 1 0 0 0 0
14124979 1 0 0 0 0
10978867 1 0 0 0 0
1086818227 1 0 0 0 0
4240832227 0 1 0 0 4294967244
10978867 1 0 0 0 0
1088914995 1 0 0 0 0
4240832227 0 1 0 0 4294967244
1088816947 1 0 0 0 0
1088914995 1 0 0 0 0
14026291 1 0 0 0 0
1088816947 1 0 0 0 0
1513235 1 0 0 0 1
14026291 1 0 0 0 0
1088816947 1 0 0 0 0
1513235 1 0 0 0 1
1088915379 1 0 0 0 0
1088816947 1 0 0 0 0
1088914995 1 0 0 0 0
1088915379 1 0 0 0 0
1447443 1 0 0 0 1
1088914995 1 0 0 0 0
14124723 1 0 0 0 0
1447443 1 0 0 0 1
1086752435 1 0 0 0 0
14124723 1 0 0 0 0
14124979 1 0 0 0 0
1086752435 1 0 0 0 0
1086818227 1 0 0 0 0
14124979 1 0 0 0 0
10978867 1 0 0 0 0
1086818227 1 0 0 0 0
4240832227 0 1 0 0 4294967244
10978867 1 0 0 0 0
1088914995 1 0 0 0 0
4240832227 0 1 0 0 4294967244
1088816947 1 0 0 0 0
1088914995 1 0 0 0 0
14026291 1 0 0 0 0
1088816947 1 0 0 0 0
1513235 1 0 0 0 1
14026291 1 0 0 0 0
1088816947 1 0 0 0 0
1513235 1 0 0 0 1
1088915379 1 0 0 0 0
1088816947 1 0 0 0 0
1088914995 1 0 0 0 0
1088915379 1 0 0 0 0
1447443 1 0 0 0 1
1088914995 1 0 0 0 0
14124723 1 0 0 0 0
1447443 1 0 0 0 1
1086752435 1 0 0 0 0
14124723 1 0 0 0 0
14124979 1 0 0 0 0
1086752435 1 0 0 0 0
1086818227 1 0 0 0 0
14124979 1 0 0 0 0
10978867 1 0 0 0 0
1086818227 1 0 0 0 0
4240832227 0 1 0 0 4294967244
10978867 1 0 0 0 0
1088914995 1 0 0 0 0
4240832227 0 1 0 0 4294967244
1088816947 1 0 0 0 0
1088914995 1 0 0 0 0
14026291 1 0 0 0 0
1088816947 1 0 0 0 0
1513235 1 0 0 0 1
14026291 1 0 0 0 0
1088816947 1 0 0 0 0
1513235 1 0 0 0 1
1088915379 1 0 0 0 0
1088816947 1 0 0 0 0
1088914995 1 0 0 0 0
1088915379 1 0 0 0 0
1447443 1 0 0 0 1
1088914995 1 0 0 0 0
14124723 1 0 0 0 0
1447443 1 0 0 0 1
1086752435 1 0 0 0 0
14124723 1 0 0 0 0
14124979 1 0 0 0 0
1086752435 1 0 0 0 0
1086818227 1 0 0 0 0
14124979 1 0 0 0 0
10978867 1 0 0 0 0
1086818227 1 0 0 0 0
4240832227 0 1 0 0 4294967244
10978867 1 0 0 0 0
1088914995 1 0 0 0 0
4240832227 0 1 0 0 4294967244
1088816947 1 0 0 0 0
1088914995 1 0 0 0 0
14026291 1 0 0 0 0
1088816947 1 0 0 0 0
1513235 1 0 0 0 1
14026291 1 0 0 0 0
1088816947 1 0 0 0 0
1513235 1 0 0 0 1
1088915379 1 0 0 0 0
1088816947 1 0 0 0 0
1088914995 1 0 0 0 0
1088915379 1 0 0 0 0
1447443 1 0 0 0 1
1088914995 1 0 0 0 0
14124723 1 0 0 0 0
1447443 1 0 0 0 1
1086752435 1 0 0 0 0
14124723 1 0 0 0 0
14124979 1 0 0 0 0
1086752435 1 0 0 0 0
1086818227 1 0 0 0 0
14124979 1 0 0 0 0
10978867 1 0 0 0 0
1086818227 1 0 0 0 0
4240832227 0 1 0 0 4294967244
10978867 1 0 0 0 0
1088914995 1 0 0 0 0
4240832227 0 1 0 0 4294967244
1088816947 1 0 0 0 0
1088914995 1 0 0 0 0
14026291 1 0 0 0 0
1088816947 1 0 0 0 0
1513235 1 0 0 0 1
14026291 1 0 0 0 0
1088816947 1 0 0 0 0
1513235 1 0 0 0 1
1088915379 1 0 0 0 0
1088816947 1 0 0 0 0
1088914995 1 0 0 0 0
1088915379 1 0 0 0 0
1447443 1 0 0 0 1
1088914995 1 0 0 0 0
14124723 1 0 0 0 0
1447443 1 0 0 0 1
1086752435 1 0 0 0 0
14124723 1 0 0 0 0
14124979 1 0 0 0 0
1086752435 1 0 0 0 0
1086818227 1 0 0 0 0
14124979 1 0 0 0 0
10978867 1 0 0 0 0
1086818227 1 0 0 0 0
4240832227 0 1 0 0 4294967244
10978867 1 0 0 0 0
1088914995 1 0 0 0 0
4240832227 0 1 0 0 4294967244
1088816947 1 0 0 0 0
1088914995 1 0 0 0 0
14026291 1 0 0 0 0
1088816947 1 0 0 0 0
1513235 1 0 0 0 1
14026291 1 0 0 0 0
1088816947 1 0 0 0 0
1513235 1 0 0 0 1
1088915379 1 0 0 0 0
1088816947 1 0 0 0 0
1088914995 1 0 0 0 0
1088915379 1 0 0 0 0
1447443 1 0 0 0 1
1088914995 1 0 0 0 0
14124723 1 0 0 0 0
1447443 1 0 0 0 1
1086752435 1 0 0 0 0
14124723 1 0 0 0 0
14124979 1 0 0 0 0
1086752435 1 0 0 0 0
1086818227 1 0 0 0 0
14124979 1 0 0 0 0
10978867 1 0 0 0 0
1086818227 1 0 0 0 0
4240832227 0 1 0 0 4294967244
10978867 1 0 0 0 0
1088914995 1 0 0 0 0
4240832227 0 1 0 0 4294967244
1088816947 1 0 0 0 0
1088914995 1 0 0 0 0
14026291 1 0 0 0 0
1088816947 1 0 0 0 0
1513235 1 0 0 0 1
14026291 1 0 0 0 0
1088816947 1 0 0 0 0
1513235 1 0 0 0 1
1088915379 1 0 0 0 0
1088816947 1 0 0 0 0
1088914995 1 0 0 0 0
1088915379 1 0 0 0 0
1447443 1 0 0 0 1
1088914995 1 0 0 0 0
14124723 1 0 0 0 0
1447443 1 0 0 0 1
1086752435 1 0 0 0 0
14124723 1 0 0 0 0
14124979 1 0 0 0 0
1086752435 1 0 0 0 0
1086818227 1 0 0 0 0
14124979 1 0 0 0 0
10978867 1 0 0 0 0
1086818227 1 0 0 0 0
4240832227 0 1 0 0 4294967244
10978867 1 0 0 0 0
1088914995 1 0 0 0 0
4240832227 0 1 0 0 4294967244
1088816947 1 0 0 0 0
1088914995 1 0 0 0 0
14026291 1 0 0 0 0
1088816947 1 0 0 0 0
1513235 1 0 0 0 1
14026291 1 0 0 0 0
1088816947 1 0 0 0 0
1513235 1 0 0 0 1
1088915379 1 0 0 0 0
1088816947 1 0 0 0 0
1088914995 1 0 0 0 0
1088915379 1 0 0 0 0
1447443 1 0 0 0 1
1088914995 1 0 0 0 0
14124723 1 0 0 0 0
1447443 1 0 0 0 1
1086752435 1 0 0 0 0
14124723 1 0 0 0 0
14124979 1 0 0 0 0
1086752435 1 0 0 0 0
1086818227 1 0 0 0 0
14124979 1 0 0 0 0
10978867 1 0 0 0 0
1086818227 1 0 0 0 0
4240832227 0 1 0 0 4294967244
10978867 1 0 0 0 0
1088914995 1 0 0 0 0
4240832227 0 1 0 0 4294967244
1088816947 1 0 0 0 0
1088914995 1 0 0 0 0
14026291 1 0 0 0 0
1088816947 1 0 0 0 0
1513235 1 0 0 0 1
14026291 1 0 0 0 0
1088816947 1 0 0 0 0
1513235 1 0 0 0 1
1088915379 1 0 0 0 0
1088816947 1 0 0 0 0
1088914995 1 0 0 0 0
1088915379 1 0 0 0 0
1447443 1 0 0 0 1
1088914995 1 0 0 0 0
14124723 1 0 0 0 0
1447443 1 0 0 0 1
1086752435 1 0 0 0 0
14124723 1 0 0 0 0
14124979 1 0 0 0 0
1086752435 1 0 0 0 0
1086818227 1 0 0 0 0
14124979 1 0 0 0 0
10978867 1 0 0 0 0
1086818227 1 0 0 0 0
4240832227 0 1 0 0 4294967244
10978867 1 0 0 0 0
1088914995 1 0 0 0 0
4240832227 0 1 0 0 4294967244
1088816947 1 0 0 0 0
1088914995 1 0 0 0 0
14026291 1 0 0 0 0
1088816947 1 0 0 0 0
1513235 1 0 0 0 1
14026291 1 0 0 0 0
1088816947 1 0 0 0 0
1513235 1 0 0 0 1
1088915379 1 0 0 0 0
1088816947 1 0 0 0 0
1088914995 1 0 0 0 0
1088915379 1 0 0 0 0
1447443 1 0 0 0 1
1088914995 1 0 0 0 0
14124723 1 0 0 0 0
1447443 1 0 0 0 1
1086752435 1 0 0 0 0
14124723 1 0 0 0 0
14124979 1 0 0 0 0
1086752435 1 0 0 0 0
1086818227 1 0 0 0 0
14124979 1 0 0 0 0
10978867 1 0 0 0 0
1086818227 1 0 0 0 0
4240832227 0 1 0 0 4294967244
10978867 1 0 0 0 0
1088914995 1 0 0 0 0
4240832227 0 1 0 0 4294967244
1088816947 1 0 0 0 0
1088914995 1 0 0 0 0
14026291 1 0 0 0 0
1088816947 1 0 0 0 0
1513235 1 0 0 0 1
14026291 1 0 0 0 0
1088816947 1 0 0 0 0
1513235 1 0 0 0 1
1088915379 1 0 0 0 0
1088816947 1 0 0 0 0
1088914995 1 0 0 0 0
1088915379 1 0 0 0 0
1447443 1 0 0 0 1
1088914995 1 0 0 0 0
14124723 1 0 0 0 0
1447443 1 0 0 0 1
1086752435 1 0 0 0 0
14124723 1 0 0 0 0
14124979 1 0 0 0 0
1086752435 1 0 0 0 0
1086818227 1 0 0 0 0
14124979 1 0 0 0 0
10978867 1 0 0 0 0
1086818227 1 0 0 0 0
4240832227 0 1 0 0 4294967244
10978867 1 0 0 0 0
1088914995 1 0 0 0 0
4240832227 0 1 0 0 4294967244
1088816947 1 0 0 0 0
1088914995 1 0 0 0 0
14026291 1 0 0 0 0
1088816947 1 0 0 0 0
5687 1 0 0 0 4096
484847139 0 0 0 1 476
5687 1 0 0 0 4096
5943 1 0 0 0 4096
484847139 0 0 0 1 476
483863587 0 0 0 1 472
5943 1 0 0 0 4096
5943 1 0 0 0 4096
483863587 0 0 0 1 472
485960227 0 0 0 1 468
5943 1 0 0 0 4096
6071 1 0 0 0 4096
485960227 0 0 0 1 468
499623171 0 0 1 0 476
6071 1 0 0 0 4096
4057985263 0 1 0 0 4294967068
499623171 0 0 1 0 476
5943 1 0 0 0 4096
4057985263 0 1 0 0 4294967068
503785347 0 0 1 0 480
5943 1 0 0 0 4096
16074035 1 0 0 0 0
503785347 0 0 1 0 480
181732627 1 0 0 0 173
16074035 1 0 0 0 0
514269219 0 0 0 1 480
181732627 1 0 0 0 173
32871 0 1 0 0 0
514269219 0 0 0 1 480
345987 0 0 1 0 0
32871 0 1 0 0 0
34046563 0 1 0 0 36
345987 0 0 1 0 0
5943 1 0 0 0 4096
34046563 0 1 0 0 36
503785091 0 0 1 0 480
5943 1 0 0 0 4096
14141363 1 0 0 0 0
503785091 0 0 1 0 480
546801555 1 0 0 0 521
14141363 1 0 0 0 0
519512099 0 0 0 1 480
546801555 1 0 0 0 521
1377555 1 0 0 0 1
519512099 0 0 0 1 480
345987 0 0 1 0 0
1377555 1 0 0 0 1
4261909731 0 1 0 0 4294967272
345987 0 0 1 0 0
32871 0 1 0 0 0
4261909731 0 1 0 0 4294967272
4278255891 1 0 0 0 4294967280
32871 0 1 0 0 0
1123875 0 0 0 1 12
4278255891 1 0 0 0 4294967280
6071 1 0 0 0 4096
1123875 0 0 0 1 12
491235203 0 0 1 0 468
6071 1 0 0 0 4096
536872759 1 0 0 0 536870912
491235203 0 0 1 0 468
4294379283 1 0 0 0 4294967295
536872759 1 0 0 0 536870912
15173427 1 0 0 0 0
4294379283 1 0 0 0 4294967295
1073743543 1 0 0 0 1073741824
15173427 1 0 0 0 0
4293297811 1 0 0 0 4294967294
1073743543 1 0 0 0 1073741824
115796579 0 1 0 0 116
4293297811 1 0 0 0 4294967294
5943 1 0 0 0 4096
115796579 0 1 0 0 116
499590915 0 0 1 0 476
5943 1 0 0 0 4096
5815 1 0 0 0 4096
499590915 0 0 1 0 476
495363715 0 0 1 0 472
5815 1 0 0 0 4096
536872247 1 0 0 0 536870912
495363715 0 0 1 0 472
6071 1 0 0 0 4096
495428867 0 0 1 0 472
6071 1 0 0 0 4096
4045402351 0 1 0 0 4294967056
495428867 0 0 1 0 472
5943 1 0 0 0 4096
4045402351 0 1 0 0 4294967056
503785347 0 0 1 0 480
5943 1 0 0 0 4096
16074035 1 0 0 0 0
503785347 0 0 1 0 480
181732627 1 0 0 0 173
16074035 1 0 0 0 0
514269219 0 0 0 1 480
181732627 1 0 0 0 173
32871 0 1 0 0 0
514269219 0 0 0 1 480
345987 0 0 1 0 0
32871 0 1 0 0 0
34046563 0 1 0 0 36
345987 0 0 1 0 0
5943 1 0 0 0 4096
34046563 0 1 0 0 36
503785091 0 0 1 0 480
5943 1 0 0 0 4096
14141363 1 0 0 0 0
503785091 0 0 1 0 480
546801555 1 0 0 0 521
14141363 1 0 0 0 0
519512099 0 0 0 1 480
546801555 1 0 0 0 521
1377555 1 0 0 0 1
519512099 0 0 0 1 480
345987 0 0 1 0 0
1377555 1 0 0 0 1
4261909731 0 1 0 0 4294967272
345987 0 0 1 0 0
32871 0 1 0 0 0
4261909731 0 1 0 0 4294967272
4278255891 1 0 0 0 4294967280
32871 0 1 0 0 0
6071 1 0 0 0 4096
491234563 0 0 1 0 468
6071 1 0 0 0 4096
4032819439 0 1 0 0 4294967044
491234563 0 0 1 0 468
5943 1 0 0 0 4096
4032819439 0 1 0 0 4294967044
503785347 0 0 1 0 480
5943 1 0 0 0 4096
16074035 1 0 0 0 0
503785347 0 0 1 0 480
181732627 1 0 0 0 173
16074035 1 0 0 0 0
514269219 0 0 0 1 480
181732627 1 0 0 0 173
32871 0 1 0 0 0
514269219 0 0 0 1 480
345987 0 0 1 0 0
32871 0 1 0 0 0
34046563 0 1 0 0 36
345987 0 0 1 0 0
5943 1 0 0 0 4096
34046563 0 1 0 0 36
503785091 0 0 1 0 480
5943 1 0 0 0 4096
14141363 1 0 0 0 0
503785091 0 0 1 0 480
546801555 1 0 0 0 521
14141363 1 0 0 0 0
519512099 0 0 0 1 480
546801555 1 0 0 0 521
1377555 1 0 0 0 1
519512099 0 0 0 1 480
345987 0 0 1 0 0
1377555 1 0 0 0 1
4261909731 0 1 0 0 4294967272
345987 0 0 1 0 0
32871 0 1 0 0 0
4261909731 0 1 0 0 4294967272
4278255891 1 0 0 0 4294967280
32871 0 1 0 0 0
265291155 1 0 0 0 253
6071 1 0 0 0 4096
265291155 1 0 0 0 253
503817475 0 0 1 0 480
6071 1 0 0 0 4096
155189487 0 1 0 0 148
503817475 0 0 1 0 480
33427 1 0 0 0 0
155189487 0 1 0 0 148
379491 0 1 0 0 20
33427 1 0 0 0 0
347235 0 1 0 0 24
379491 0 1 0 0 20
4154454255 0 1 0 0 4294967160
347235 0 1 0 0 24
362003 1 0 0 0 0
4154454255 0 1 0 0 4294967160
329107 1 0 0 0 0
362003 1 0 0 0 0
4293920019 1 0 0 0 4294967295
329107 1 0 0 0 0
33950819 0 1 0 0 56
4293920019 1 0 0 0 4294967295
1050259 1 0 0 0 1
33950819 0 1 0 0 56
1084228915 1 0 0 0 0
4129288431 0 1 0 0 4294967136
1084228915 1 0 0 0 0
362003 1 0 0 0 0
4129288431 0 1 0 0 4294967136
329107 1 0 0 0 0
362003 1 0 0 0 0
4293920019 1 0 0 0 4294967295
329107 1 0 0 0 0
33950819 0 1 0 0 56
4293920019 1 0 0 0 4294967295
1050259 1 0 0 0 1
33950819 0 1 0 0 56
11958883 0 1 0 0 20
1050259 1 0 0 0 1
12605539 0 1 0 0 16
11958883 0 1 0 0 20
1447443 1 0 0 0 1
12605539 0 1 0 0 16
1480339 1 0 0 0 1
1447443 1 0 0 0 1
4273367779 0 1 0 0 4294967284
1480339 1 0 0 0 1
1299 1 0 0 0 0
4273367779 0 1 0 0 4294967284
12969571 0 1 0 0 12
1299 1 0 0 0 0
1086686643 1 0 0 0 0
12969571 0 1 0 0 12
12605539 0 1 0 0 16
1447443 1 0 0 0 1
12605539 0 1 0 0 16
1480339 1 0 0 0 1
1447443 1 0 0 0 1
4273367779 0 1 0 0 4294967284
1480339 1 0 0 0 1
1299 1 0 0 0 0
4273367779 0 1 0 0 4294967284
12969571 0 1 0 0 12
1299 1 0 0 0 0
1086686643 1 0 0 0 0
12969571 0 1 0 0 12
12605539 0 1 0 0 16
1447443 1 0 0 0 1
12605539 0 1 0 0 16
1480339 1 0 0 0 1
1447443 1 0 0 0 1
4273367779 0 1 0 0 4294967284
1480339 1 0 0 0 1
12605539 0 1 0 0 16
4273367779 0 1 0 0 4294967284
1447443 1 0 0 0 1
12605539 0 1 0 0 16
1480339 1 0 0 0 1
1447443 1 0 0 0 1
4273367779 0 1 0 0 4294967284
1480339 1 0 0 0 1
12605539 0 1 0 0 16
4273367779 0 1 0 0 4294967284
1447443 1 0 0 0 1
12605539 0 1 0 0 16
1480339 1 0 0 0 1
1447443 1 0 0 0 1
4273367779 0 1 0 0 4294967284
1480339 1 0 0 0 1
12605539 0 1 0 0 16
4273367779 0 1 0 0 4294967284
1447443 1 0 0 0 1
12605539 0 1 0 0 16
1480339 1 0 0 0 1
1447443 1 0 0 0 1
4273367779 0 1 0 0 4294967284
1480339 1 0 0 0 1
12605539 0 1 0 0 16
4273367779 0 1 0 0 4294967284
1447443 1 0 0 0 1
12605539 0 1 0 0 16
1480339 1 0 0 0 1
1447443 1 0 0 0 1
4273367779 0 1 0 0 4294967284
1480339 1 0 0 0 1
12605539 0 1 0 0 16
4273367779 0 1 0 0 4294967284
1447443 1 0 0 0 1
12605539 0 1 0 0 16
1480339 1 0 0 0 1
1447443 1 0 0 0 1
4273367779 0 1 0 0 4294967284
1480339 1 0 0 0 1
12605539 0 1 0 0 16
4273367779 0 1 0 0 4294967284
1447443 1 0 0 0 1
12605539 0 1 0 0 16
1480339 1 0 0 0 1
1447443 1 0 0 0 1
4273367779 0 1 0 0 4294967284
1480339 1 0 0 0 1
12605539 0 1 0 0 16
4273367779 0 1 0 0 4294967284
1447443 1 0 0 0 1
12605539 0 1 0 0 16
1480339 1 0 0 0 1
1447443 1 0 0 0 1
4273367779 0 1 0 0 4294967284
1480339 1 0 0 0 1
12605539 0 1 0 0 16
4273367779 0 1 0 0 4294967284
1447443 1 0 0 0 1
12605539 0 1 0 0 16
1480339 1 0 0 0 1
1447443 1 0 0 0 1
4273367779 0 1 0 0 4294967284
1480339 1 0 0 0 1
12605539 0 1 0 0 16
4273367779 0 1 0 0 4294967284
1447443 1 0 0 0 1
12605539 0 1 0 0 16
1480339 1 0 0 0 1
1447443 1 0 0 0 1
4273367779 0 1 0 0 4294967284
1480339 1 0 0 0 1
12605539 0 1 0 0 16
4273367779 0 1 0 0 4294967284
1447443 1 0 0 0 1
12605539 0 1 0 0 16
1480339 1 0 0 0 1
1447443 1 0 0 0 1
4273367779 0 1 0 0 4294967284
1480339 1 0 0 0 1
12605539 0 1 0 0 16
4273367779 0 1 0 0 4294967284
1447443 1 0 0 0 1
12605539 0 1 0 0 16
1480339 1 0 0 0 1
1447443 1 0 0 0 1
4273367779 0 1 0 0 4294967284
1480339 1 0 0 0 1
12605539 0 1 0 0 16
4273367779 0 1 0 0 4294967284
1447443 1 0 0 0 1
12605539 0 1 0 0 16
1480339 1 0 0 0 1
1447443 1 0 0 0 1
4273367779 0 1 0 0 4294967284
1480339 1 0 0 0 1
12605539 0 1 0 0 16
4273367779 0 1 0 0 4294967284
1447443 1 0 0 0 1
12605539 0 1 0 0 16
1480339 1 0 0 0 1
1447443 1 0 0 0 1
4273367779 0 1 0 0 4294967284
1480339 1 0 0 0 1
12605539 0 1 0 0 16
4273367779 0 1 0 0 4294967284
1447443 1 0 0 0 1
12605539 0 1 0 0 16
1480339 1 0 0 0 1
1447443 1 0 0 0 1
4273367779 0 1 0 0 4294967284
1480339 1 0 0 0 1
12605539 0 1 0 0 16
4273367779 0 1 0 0 4294967284
1447443 1 0 0 0 1
12605539 0 1 0 0 16
1480339 1 0 0 0 1
1447443 1 0 0 0 1
4273367779 0 1 0 0 4294967284
1480339 1 0 0 0 1
12605539 0 1 0 0 16
4273367779 0 1 0 0 4294967284
1447443 1 0 0 0 1
12605539 0 1 0 0 16
1480339 1 0 0 0 1
1447443 1 0 0 0 1
4273367779 0 1 0 0 4294967284
1480339 1 0 0 0 1
12605539 0 1 0 0 16
4273367779 0 1 0 0 4294967284
1447443 1 0 0 0 1
12605539 0 1 0 0 16
1480339 1 0 0 0 1
1447443 1 0 0 0 1
4273367779 0 1 0 0 4294967284
1480339 1 0 0 0 1
12605539 0 1 0 0 16
4273367779 0 1 0 0 4294967284
1447443 1 0 0 0 1
12605539 0 1 0 0 16
1480339 1 0 0 0 1
1447443 1 0 0 0 1
4273367779 0 1 0 0 4294967284
1480339 1 0 0 0 1
12605539 0 1 0 0 16
4273367779 0 1 0 0 4294967284
1447443 1 0 0 0 1
12605539 0 1 0 0 16
1480339 1 0 0 0 1
1447443 1 0 0 0 1
4273367779 0 1 0 0 4294967284
1480339 1 0 0 0 1
12605539 0 1 0 0 16
4273367779 0 1 0 0 4294967284
1447443 1 0 0 0 1
12605539 0 1 0 0 16
1480339 1 0 0 0 1
1447443 1 0 0 0 1
1299 1 0 0 0 0
12969571 0 1 0 0 12
1299 1 0 0 0 0
1086686643 1 0 0 0 0
12969571 0 1 0 0 12
13985075 1 0 0 0 0
1086686643 1 0 0 0 0
1496723 1 0 0 0 1
13985075 1 0 0 0 0
1496723 1 0 0 0 1
1463827 1 0 0 0 1
1496723 1 0 0 0 1
4261844707 0 1 0 0 4294967276
1463827 1 0 0 0 1
12969571 0 1 0 0 12
4261844707 0 1 0 0 4294967276
1086686643 1 0 0 0 0
12969571 0 1 0 0 12
13985075 1 0 0 0 0
1086686643 1 0 0 0 0
1496723 1 0 0 0 1
13985075 1 0 0 0 0
1463827 1 0 0 0 1
1496723 1 0 0 0 1
4261844707 0 1 0 0 4294967276
1463827 1 0 0 0 1
12969571 0 1 0 0 12
4261844707 0 1 0 0 4294967276
1086686643 1 0 0 0 0
12969571 0 1 0 0 12
13985075 1 0 0 0 0
1086686643 1 0 0 0 0
1496723 1 0 0 0 1
13985075 1 0 0 0 0
1463827 1 0 0 0 1
1496723 1 0 0 0 1
4261844707 0 1 0 0 4294967276
1463827 1 0 0 0 1
12969571 0 1 0 0 12
4261844707 0 1 0 0 4294967276
1086686643 1 0 0 0 0
12969571 0 1 0 0 12
13985075 1 0 0 0 0
1086686643 1 0 0 0 0
1496723 1 0 0 0 1
13985075 1 0 0 0 0
1463827 1 0 0 0 1
1496723 1 0 0 0 1
4261844707 0 1 0 0 4294967276
1463827 1 0 0 0 1
12969571 0 1 0 0 12
4261844707 0 1 0 0 4294967276
1086686643 1 0 0 0 0
12969571 0 1 0 0 12
13985075 1 0 0 0 0
1086686643 1 0 0 0 0
1496723 1 0 0 0 1
13985075 1 0 0 0 0
1463827 1 0 0 0 1
1496723 1 0 0 0 1
4261844707 0 1 0 0 4294967276
1463827 1 0 0 0 1
12969571 0 1 0 0 12
4261844707 0 1 0 0 4294967276
1086686643 1 0 0 0 0
12969571 0 1 0 0 12
13985075 1 0 0 0 0
1086686643 1 0 0 0 0
1496723 1 0 0 0 1
13985075 1 0 0 0 0
1496723 1 0 0 0 1
1463827 1 0 0 0 1
1496723 1 0 0 0 1
4261844707 0 1 0 0 4294967276
1463827 1 0 0 0 1
12969571 0 1 0 0 12
4261844707 0 1 0 0 4294967276
1086686643 1 0 0 0 0
12969571 0 1 0 0 12
13985075 1 0 0 0 0
1086686643 1 0 0 0 0
1496723 1 0 0 0 1
13985075 1 0 0 0 0
1463827 1 0 0 0 1
1496723 1 0 0 0 1
4261844707 0 1 0 0 4294967276
1463827 1 0 0 0 1
12969571 0 1 0 0 12
4261844707 0 1 0 0 4294967276
1086686643 1 0 0 0 0
12969571 0 1 0 0 12
13985075 1 0 0 0 0
1086686643 1 0 0 0 0
1496723 1 0 0 0 1
13985075 1 0 0 0 0
1463827 1 0 0 0 1
1496723 1 0 0 0 1
4261844707 0 1 0 0 4294967276
1463827 1 0 0 0 1
12969571 0 1 0 0 12
4261844707 0 1 0 0 4294967276
1086686643 1 0 0 0 0
12969571 0 1 0 0 12
13985075 1 0 0 0 0
1086686643 1 0 0 0 0
1496723 1 0 0 0 1
13985075 1 0 0 0 0
1496723 1 0 0 0 1
1463827 1 0 0 0 1
1496723 1 0 0 0 1
4261844707 0 1 0 0 4294967276
1463827 1 0 0 0 1
12969571 0 1 0 0 12
4261844707 0 1 0 0 4294967276
1086686643 1 0 0 0 0
12969571 0 1 0 0 12
13985075 1 0 0 0 0
1086686643 1 0 0 0 0
1496723 1 0 0 0 1
13985075 1 0 0 0 0
1463827 1 0 0 0 1
1496723 1 0 0 0 1
4261844707 0 1 0 0 4294967276
1463827 1 0 0 0 1
12969571 0 1 0 0 12
4261844707 0 1 0 0 4294967276
1086686643 1 0 0 0 0
12969571 0 1 0 0 12
13985075 1 0 0 0 0
1086686643 1 0 0 0 0
1496723 1 0 0 0 1
13985075 1 0 0 0 0
1463827 1 0 0 0 1
1496723 1 0 0 0 1
4261844707 0 1 0 0 4294967276
1463827 1 0 0 0 1
12969571 0 1 0 0 12
4261844707 0 1 0 0 4294967276
1086686643 1 0 0 0 0
12969571 0 1 0 0 12
13985075 1 0 0 0 0
1086686643 1 0 0 0 0
1496723 1 0 0 0 1
13985075 1 0 0 0 0
1496723 1 0 0 0 1
1463827 1 0 0 0 1
1496723 1 0 0 0 1
4261844707 0 1 0 0 4294967276
1463827 1 0 0 0 1
12969571 0 1 0 0 12
4261844707 0 1 0 0 4294967276
1086686643 1 0 0 0 0
12969571 0 1 0 0 12
13985075 1 0 0 0 0
1086686643 1 0 0 0 0
1496723 1 0 0 0 1
13985075 1 0 0 0 0
1463827 1 0 0 0 1
1496723 1 0 0 0 1
4261844707 0 1 0 0 4294967276
1463827 1 0 0 0 1
12969571 0 1 0 0 12
4261844707 0 1 0 0 4294967276
1086686643 1 0 0 0 0
12969571 0 1 0 0 12
13985075 1 0 0 0 0
1086686643 1 0 0 0 0
1496723 1 0 0 0 1
13985075 1 0 0 0 0
1496723 1 0 0 0 1
1463827 1 0 0 0 1
1496723 1 0 0 0 1
4261844707 0 1 0 0 4294967276
1463827 1 0 0 0 1
12969571 0 1 0 0 12
4261844707 0 1 0 0 4294967276
1086686643 1 0 0 0 0
12969571 0 1 0 0 12
13985075 1 0 0 0 0
1086686643 1 0 0 0 0
1496723 1 0 0 0 1
13985075 1 0 0 0 0
1496723 1 0 0 0 1
1463827 1 0 0 0 1
1496723 1 0 0 0 1
4261844707 0 1 0 0 4294967276
1463827 1 0 0 0 1
12969571 0 1 0 0 12
4261844707 0 1 0 0 4294967276
1496723 1 0 0 0 1
12969571 0 1 0 0 12
1463827 1 0 0 0 1
1496723 1 0 0 0 1
4261844707 0 1 0 0 4294967276
1463827 1 0 0 0 1
1086686643 1 0 0 0 0
13985075 1 0 0 0 0
1086686643 1 0 0 0 0
1496723 1 0 0 0 1
13985075 1 0 0 0 0
1463827 1 0 0 0 1
1496723 1 0 0 0 1
4261844707 0 1 0 0 4294967276
1463827 1 0 0 0 1
12969571 0 1 0 0 12
4261844707 0 1 0 0 4294967276
1086686643 1 0 0 0 0
12969571 0 1 0 0 12
13985075 1 0 0 0 0
1086686643 1 0 0 0 0
1496723 1 0 0 0 1
13985075 1 0 0 0 0
1463827 1 0 0 0 1
1496723 1 0 0 0 1
4261844707 0 1 0 0 4294967276
1463827 1 0 0 0 1
12969571 0 1 0 0 12
4261844707 0 1 0 0 4294967276
1086686643 1 0 0 0 0
12969571 0 1 0 0 12
13985075 1 0 0 0 0
1086686643 1 0 0 0 0
1496723 1 0 0 0 1
13985075 1 0 0 0 0
1463827 1 0 0 0 1
1496723 1 0 0 0 1
4261844707 0 1 0 0 4294967276
1463827 1 0 0 0 1
12969571 0 1 0 0 12
4261844707 0 1 0 0 4294967276
1086686643 1 0 0 0 0
12969571 0 1 0 0 12
13985075 1 0 0 0 0
1086686643 1 0 0 0 0
1496723 1 0 0 0 1
13985075 1 0 0 0 0
1463827 1 0 0 0 1
1496723 1 0 0 0 1
4261844707 0 1 0 0 4294967276
1463827 1 0 0 0 1
12969571 0 1 0 0 12
4261844707 0 1 0 0 4294967276
1086686643 1 0 0 0 0
12969571 0 1 0 0 12
13985075 1 0 0 0 0
1086686643 1 0 0 0 0
1496723 1 0 0 0 1
13985075 1 0 0 0 0
1496723 1 0 0 0 1
1463827 1 0 0 0 1
1496723 1 0 0 0 1
4261844707 0 1 0 0 4294967276
1463827 1 0 0 0 1
12969571 0 1 0 0 12
4261844707 0 1 0 0 4294967276
1086686643 1 0 0 0 0
12969571 0 1 0 0 12
13985075 1 0 0 0 0
1086686643 1 0 0 0 0
1496723 1 0 0 0 1
13985075 1 0 0 0 0
1496723 1 0 0 0 1
1463827 1 0 0 0 1
1496723 1 0 0 0 1
4261844707 0 1 0 0 4294967276
1463827 1 0 0 0 1
12969571 0 1 0 0 12
4261844707 0 1 0 0 4294967276
1496723 1 0 0 0 1
12969571 0 1 0 0 12
1463827 1 0 0 0 1
1496723 1 0 0 0 1
4261844707 0 1 0 0 4294967276
1463827 1 0 0 0 1
12969571 0 1 0 0 12
4261844707 0 1 0 0 4294967276
1496723 1 0 0 0 1
12969571 0 1 0 0 12
1463827 1 0 0 0 1
1496723 1 0 0 0 1
4261844707 0 1 0 0 4294967276
1463827 1 0 0 0 1
12969571 0 1 0 0 12
4261844707 0 1 0 0 4294967276
1496723 1 0 0 0 1
12969571 0 1 0 0 12
1463827 1 0 0 0 1
1496723 1 0 0 0 1
32871 0 1 0 0 0
33427 1 0 0 0 0
32871 0 1 0 0 0
4217368815 0 1 0 0 4294967220
33427 1 0 0 0 0
362003 1 0 0 0 0
4217368815 0 1 0 0 4294967220
1085277491 1 0 0 0 0
163943 0 1 0 0 0
1085277491 1 0 0 0 0
253 0 0 0 0 0
163943 0 1 0 0 0
253 0 0 0 0 0
253 0 0 0 0 0
12656771 0 0 1 0 12
16843027 1 0 0 0 16
12656771 0 0 1 0 12
32871 0 1 0 0 0
16843027 1 0 0 0 16
101007459 0 1 0 0 96
32871 0 1 0 0 0
101041763 0 1 0 0 108
101007459 0 1 0 0 96
1085277619 1 0 0 0 0
101041763 0 1 0 0 108
33427 1 0 0 0 0
1085277619 1 0 0 0 0
4179620079 0 1 0 0 4294967184
33427 1 0 0 0 0
362003 1 0 0 0 0
4179620079 0 1 0 0 4294967184
58
